app-simple/application/app/build/outputs/logs/manifest-merger-x86-debug-report.txt
-- Merging decision tree log ---
manifest
ADDED from src\main\AndroidManifest.xml:2:1-21:12
	package
		ADDED from src\main\AndroidManifest.xml:3:11-35
		INJECTED from src\main\AndroidManifest.xml
		INJECTED from src\main\AndroidManifest.xml
	android:versionName
		ADDED from src\main\AndroidManifest.xml:5:11-36
		INJECTED from src\main\AndroidManifest.xml
		INJECTED from src\main\AndroidManifest.xml
	android:versionCode
		ADDED from src\main\AndroidManifest.xml:4:11-34
		INJECTED from src\main\AndroidManifest.xml
		INJECTED from src\main\AndroidManifest.xml
	xmlns:android
		ADDED from src\main\AndroidManifest.xml:2:11-69
application
ADDED from src\main\AndroidManifest.xml:6:3-20:17
MERGED from [:android_app:] AndroidManifest.xml:11:5-13:19
	android:label
		ADDED from src\main\AndroidManifest.xml:9:7-39
	android:allowBackup
		ADDED from src\main\AndroidManifest.xml:7:7-34
	android:icon
		ADDED from src\main\AndroidManifest.xml:8:7-36
activity#com.app_simple.application
ADDED from src\main\AndroidManifest.xml:10:5-16:16
	android:label
		ADDED from src\main\AndroidManifest.xml:11:15-47
	android:name
		ADDED from src\main\AndroidManifest.xml:10:15-41
intent-filter#android.intent.action.MAIN+android.intent.category.LAUNCHER
ADDED from src\main\AndroidManifest.xml:12:7-15:23
action#android.intent.action.MAIN
ADDED from src\main\AndroidManifest.xml:13:9-61
	android:name
		ADDED from src\main\AndroidManifest.xml:13:17-58
category#android.intent.category.LAUNCHER
ADDED from src\main\AndroidManifest.xml:14:9-69
	android:name
		ADDED from src\main\AndroidManifest.xml:14:19-66
meta-data#project_name
ADDED from src\main\AndroidManifest.xml:17:5-93
	android:value
		ADDED from src\main\AndroidManifest.xml:17:44-90
	android:name
		ADDED from src\main\AndroidManifest.xml:17:16-43
meta-data#command_line
ADDED from src\main\AndroidManifest.xml:18:5-79
	android:value
		ADDED from src\main\AndroidManifest.xml:18:44-76
	android:name
		ADDED from src\main\AndroidManifest.xml:18:16-43
meta-data#library_name
ADDED from src\main\AndroidManifest.xml:19:5-79
	android:value
		ADDED from src\main\AndroidManifest.xml:19:44-76
	android:name
		ADDED from src\main\AndroidManifest.xml:19:16-43
uses-sdk
INJECTED from src\main\AndroidManifest.xml reason: use-sdk injection requested
MERGED from [:android_app:] AndroidManifest.xml:7:5-9:41
	android:targetSdkVersion
		INJECTED from src\main\AndroidManifest.xml
		INJECTED from src\main\AndroidManifest.xml
	android:minSdkVersion
		INJECTED from src\main\AndroidManifest.xml
		INJECTED from src\main\AndroidManifest.xml
activity#com.android_app.app
ADDED from [:android_app:] AndroidManifest.xml:12:9-56
	android:name
		ADDED from [:android_app:] AndroidManifest.xml:12:19-53